[    0.000000] Linux version 4.15.0-159-generic (buildd@lgw01-amd64-055) (gcc version 7.5.0 (Ubuntu 7.5.0-3ubuntu1~18.04)) #167-Ubuntu SMP Tue Sep 21 08:55:05 UTC 2021 (Ubuntu 4.15.0-159.167-generic 4.15.18)
[    0.000000] Command line: BOOT_IMAGE=/boot/vmlinuz-4.15.0-159-generic root=UUID=9ec048ba-a1ef-4711-b78a-de2aeea58283 ro console=tty1 console=ttyS0
[    0.000000] KERNEL supported cpus:
[    0.000000]   Intel GenuineIntel
[    0.000000]   AMD AuthenticAMD
[    0.000000]   Centaur CentaurHauls
[    0.000000] x86/fpu: Supporting XSAVE feature 0x001: 'x87 floating point registers'
[    0.000000] x86/fpu: Supporting XSAVE feature 0x002: 'SSE registers'
[    0.000000] x86/fpu: Supporting XSAVE feature 0x004: 'AVX registers'
[    0.000000] x86/fpu: xstate_offset[2]:  576, xstate_sizes[2]:  256
[    0.000000] x86/fpu: Enabled xstate features 0x7, context size is 832 bytes, using 'standard' format.
[    0.000000] e820: BIOS-provided physical RAM map:
[    0.000000] BIOS-e820: [mem 0x0000000000000000-0x000000000009fbff] usable
[    0.000000] BIOS-e820: [mem 0x000000000009fc00-0x000000000009ffff] reserved
[    0.000000] BIOS-e820: [mem 0x00000000000f0000-0x00000000000fffff] reserved
[    0.000000] BIOS-e820: [mem 0x0000000000100000-0x000000003ffeffff] usable
[    0.000000] BIOS-e820: [mem 0x000000003fff0000-0x000000003fffffff] ACPI data
[    0.000000] BIOS-e820: [mem 0x00000000fec00000-0x00000000fec00fff] reserved
[    0.000000] BIOS-e820: [mem 0x00000000fee00000-0x00000000fee00fff] reserved
[    0.000000] BIOS-e820: [mem 0x00000000fffc0000-0x00000000ffffffff] reserved
[    0.000000] NX (Execute Disable) protection: active
[    0.000000] SMBIOS 2.5 present.
[    0.000000] DMI: innotek GmbH VirtualBox/VirtualBox, BIOS VirtualBox 12/01/2006
[    0.000000] Hypervisor detected: KVM
[    0.000000] e820: last_pfn = 0x3fff0 max_arch_pfn = 0x400000000
[    0.000000] MTRR: Disabled
[    0.000000] x86/PAT: MTRRs disabled, skipping PAT initialization too.
[    0.000000] CPU MTRRs all blank - virtualized system.
[    0.000000] x86/PAT: Configuration [0-7]: WB  WT  UC- UC  WB  WT  UC- UC  
[    0.000000] found SMP MP-table at [mem 0x0009fff0-0x0009ffff]
[    0.000000] Scanning 1 areas for low memory corruption
[    0.000000] RAMDISK: [mem 0x3581f000-0x36c06fff]
[    0.000000] ACPI: Early table checksum verification disabled
[    0.000000] ACPI: RSDP 0x00000000000E0000 000024 (v02 VBOX  )
[    0.000000] ACPI: XSDT 0x000000003FFF0030 00003C (v01 VBOX   VBOXXSDT 00000001 ASL  00000061)
[    0.000000] ACPI: FACP 0x000000003FFF00F0 0000F4 (v04 VBOX   VBOXFACP 00000001 ASL  00000061)
[    0.000000] ACPI: DSDT 0x000000003FFF0470 002325 (v02 VBOX   VBOXBIOS 00000002 INTL 20120111)
[    0.000000] ACPI: FACS 0x000000003FFF0200 000040
[    0.000000] ACPI: FACS 0x000000003FFF0200 000040
[    0.000000] ACPI: APIC 0x000000003FFF0240 00005C (v02 VBOX   VBOXAPIC 00000001 ASL  00000061)
[    0.000000] ACPI: SSDT 0x000000003FFF02A0 0001CC (v01 VBOX   VBOXCPUT 00000002 INTL 20120111)
[    0.000000] ACPI: Reserving FACP table memory at [mem 0x3fff00f0-0x3fff01e3]
[    0.000000] ACPI: Reserving DSDT table memory at [mem 0x3fff0470-0x3fff2794]
[    0.000000] ACPI: Reserving FACS table memory at [mem 0x3fff0200-0x3fff023f]
[    0.000000] ACPI: Reserving FACS table memory at [mem 0x3fff0200-0x3fff023f]
[    0.000000] ACPI: Reserving APIC table memory at [mem 0x3fff0240-0x3fff029b]
[    0.000000] ACPI: Reserving SSDT table memory at [mem 0x3fff02a0-0x3fff046b]
[    0.000000] No NUMA configuration found
[    0.000000] Faking a node at [mem 0x0000000000000000-0x000000003ffeffff]
[    0.000000] NODE_DATA(0) allocated [mem 0x3ffc5000-0x3ffeffff]
[    0.000000] kvm-clock: cpu 0, msr 0:3ff44001, primary cpu clock
[    0.000000] kvm-clock: Using msrs 4b564d01 and 4b564d00
[    0.000000] kvm-clock: using sched offset of 14963380163 cycles
[    0.000000] clocksource: kvm-clock: mask: 0xffffffffffffffff max_cycles: 0x1cd42e4dffb, max_idle_ns: 881590591483 ns
[    0.000000] Zone ranges:
[    0.000000]   DMA      [mem 0x0000000000001000-0x0000000000ffffff]
[    0.000000]   DMA32    [mem 0x0000000001000000-0x000000003ffeffff]
[    0.000000]   Normal   empty
[    0.000000]   Device   empty
[    0.000000] Movable zone start for each node
[    0.000000] Early memory node ranges
[    0.000000]   node   0: [mem 0x0000000000001000-0x000000000009efff]
[    0.000000]   node   0: [mem 0x0000000000100000-0x000000003ffeffff]
[    0.000000] Reserved but unavailable: 104 pages
[    0.000000] Initmem setup node 0 [mem 0x0000000000001000-0x000000003ffeffff]
[    0.000000] ACPI: PM-Timer IO Port: 0x4008
[    0.000000] IOAPIC[0]: apic_id 2, version 32, address 0xfec00000, GSI 0-23
[    0.000000] ACPI: INT_SRC_OVR (bus 0 bus_irq 0 global_irq 2 dfl dfl)
[    0.000000] ACPI: INT_SRC_OVR (bus 0 bus_irq 9 global_irq 9 low level)
[    0.000000] Using ACPI (MADT) for SMP configuration information
[    0.000000] smpboot: Allowing 2 CPUs, 0 hotplug CPUs
[    0.000000] PM: Registered nosave memory: [mem 0x00000000-0x00000fff]
[    0.000000] PM: Registered nosave memory: [mem 0x0009f000-0x0009ffff]
[    0.000000] PM: Registered nosave memory: [mem 0x000a0000-0x000effff]
[    0.000000] PM: Registered nosave memory: [mem 0x000f0000-0x000fffff]
[    0.000000] e820: [mem 0x40000000-0xfebfffff] available for PCI devices
[    0.000000] Booting paravirtualized kernel on KVM
[    0.000000] clocksource: refined-jiffies: mask: 0xffffffff max_cycles: 0xffffffff, max_idle_ns: 7645519600211568 ns
[    0.000000] random: get_random_bytes called from start_kernel+0x99/0x500 with crng_init=0
[    0.000000] setup_percpu: NR_CPUS:8192 nr_cpumask_bits:2 nr_cpu_ids:2 nr_node_ids:1
[    0.000000] percpu: Embedded 45 pages/cpu s147456 r8192 d28672 u1048576
[    0.000000] PV qspinlock hash table entries: 256 (order: 0, 4096 bytes)
[    0.000000] Built 1 zonelists, mobility grouping on.  Total pages: 257913
[    0.000000] Policy zone: DMA32
[    0.000000] Kernel command line: BOOT_IMAGE=/boot/vmlinuz-4.15.0-159-generic root=UUID=9ec048ba-a1ef-4711-b78a-de2aeea58283 ro console=tty1 console=ttyS0
[    0.000000] Memory: 981852K/1048120K available (12300K kernel code, 2483K rwdata, 4320K rodata, 2448K init, 2724K bss, 66268K reserved, 0K cma-reserved)
[    0.000000] SLUB: HWalign=64, Order=0-3, MinObjects=0, CPUs=2, Nodes=1
[    0.000000] Kernel/User page tables isolation: enabled
[    0.000000] ftrace: allocating 39471 entries in 155 pages
[    0.004000] Hierarchical RCU implementation.
[    0.004000] 	RCU restricting CPUs from NR_CPUS=8192 to nr_cpu_ids=2.
[    0.004000] 	Tasks RCU enabled.
[    0.004000] RCU: Adjusting geometry for rcu_fanout_leaf=16, nr_cpu_ids=2
[    0.004000] NR_IRQS: 524544, nr_irqs: 440, preallocated irqs: 16
[    0.004000] Console: colour VGA+ 80x25
[    0.004000] console [tty1] enabled
[    0.004000] console [ttyS0] enabled
[    0.004000] ACPI: Core revision 20170831
[    0.004000] ACPI: 2 ACPI AML tables successfully acquired and loaded
[    0.004000] APIC: Switch to symmetric I/O mode setup
[    0.004000] x2apic enabled
[    0.004000] Switched APIC routing to physical x2apic.
[    0.005170] ..TIMER: vector=0x30 apic1=0 pin1=2 apic2=-1 pin2=-1
[    0.008005] tsc: Detected 3096.000 MHz processor
[    0.010248] Calibrating delay loop (skipped) preset value.. 6192.00 BogoMIPS (lpj=12384000)
[    0.012007] pid_max: default: 32768 minimum: 301
[    0.016041] Security Framework initialized
[    0.017740] Yama: becoming mindful.
[    0.020041] AppArmor: AppArmor initialized
[    0.025744] Dentry cache hash table entries: 131072 (order: 8, 1048576 bytes)
[    0.028058] Inode-cache hash table entries: 65536 (order: 7, 524288 bytes)
[    0.030622] Mount-cache hash table entries: 2048 (order: 2, 16384 bytes)
[    0.032014] Mountpoint-cache hash table entries: 2048 (order: 2, 16384 bytes)
[    0.034738] Last level iTLB entries: 4KB 64, 2MB 8, 4MB 8
[    0.036006] Last level dTLB entries: 4KB 64, 2MB 0, 4MB 0, 1GB 4
[    0.038634] Spectre V1 : Mitigation: usercopy/swapgs barriers and __user pointer sanitization
[    0.040007] Spectre V2 : Mitigation: Full generic retpoline
[    0.044005] Spectre V2 : Spectre v2 / SpectreRSB mitigation: Filling RSB on context switch
[    0.048005] Speculative Store Bypass: Vulnerable
[    0.049385] SRBDS: Unknown: Dependent on hypervisor status
[    0.051163] MDS: Mitigation: Clear CPU buffers
[    0.052530] Freeing SMP alternatives memory: 36K
[    0.164029] APIC calibration not consistent with PM-Timer: 103ms instead of 100ms
[    0.168000] APIC delta adjusted to PM-Timer: 6250189 (6496947)
[    0.168088] smpboot: CPU0: Intel(R) Core(TM) i5-7267U CPU @ 3.10GHz (family: 0x6, model: 0x8e, stepping: 0x9)
[    0.172277] Performance Events: unsupported p6 CPU model 142 no PMU driver, software events only.
[    0.180030] Hierarchical SRCU implementation.
[    0.185547] NMI watchdog: Perf event create on CPU 0 failed with -2
[    0.188007] NMI watchdog: Perf NMI watchdog permanently disabled
[    0.192088] smp: Bringing up secondary CPUs ...
[    0.196152] x86: Booting SMP configuration:
[    0.200010] .... node  #0, CPUs:      #1
[    0.004000] kvm-clock: cpu 1, msr 0:3ff44041, secondary cpu clock
[    0.212050] smp: Brought up 1 node, 2 CPUs
[    0.214117] smpboot: Max logical packages: 1
[    0.216011] smpboot: Total of 2 processors activated (12384.00 BogoMIPS)
[    0.220244] devtmpfs: initialized
[    0.225135] x86/mm: Memory block size: 128MB
[    0.228230] evm: security.selinux
[    0.232021] evm: security.SMACK64
[    0.236010] evm: security.SMACK64EXEC
[    0.240005] evm: security.SMACK64TRANSMUTE
[    0.244008] evm: security.SMACK64MMAP
[    0.248006] evm: security.apparmor
[    0.252005] evm: security.ima
[    0.256006] evm: security.capability
[    0.264026] clocksource: jiffies: mask: 0xffffffff max_cycles: 0xffffffff, max_idle_ns: 7645041785100000 ns
[    0.272012] futex hash table entries: 512 (order: 3, 32768 bytes)
[    0.276079] pinctrl core: initialized pinctrl subsystem
[    0.288026] RTC time: 13:57:37, date: 10/21/21
[    0.292263] NET: Registered protocol family 16
[    0.296117] audit: initializing netlink subsys (disabled)
[    0.300058] audit: type=2000 audit(1634824673.565:1): state=initialized audit_enabled=0 res=1
[    0.304018] cpuidle: using governor ladder
[    0.308143] cpuidle: using governor menu
[    0.312078] ACPI: bus type PCI registered
[    0.316011] acpiphp: ACPI Hot Plug PCI Controller Driver version: 0.5
[    0.324039] PCI: Using configuration type 1 for base access
[    0.333040] HugeTLB registered 2.00 MiB page size, pre-allocated 0 pages
[    0.336372] ACPI: Added _OSI(Module Device)
[    0.340017] ACPI: Added _OSI(Processor Device)
[    0.344008] ACPI: Added _OSI(3.0 _SCP Extensions)
[    0.348006] ACPI: Added _OSI(Processor Aggregator Device)
[    0.352031] ACPI: Added _OSI(Linux-Dell-Video)
[    0.353951] ACPI: Added _OSI(Linux-Lenovo-NV-HDMI-Audio)
[    0.356015] ACPI: Added _OSI(Linux-HPI-Hybrid-Graphics)
[    0.357696] ACPI: Executed 1 blocks of module-level executable AML code
[    0.365851] ACPI: Interpreter enabled
[    0.368024] ACPI: (supports S0 S5)
[    0.372009] ACPI: Using IOAPIC for interrupt routing
[    0.376064] PCI: Using host bridge windows from ACPI; if necessary, use "pci=nocrs" and report a bug
[    0.380342] ACPI: Enabled 2 GPEs in block 00 to 07
[    0.396840] ACPI: PCI Root Bridge [PCI0] (domain 0000 [bus 00-ff])
[    0.400023] acpi PNP0A03:00: _OSC: OS supports [ASPM ClockPM Segments MSI]
[    0.404424] acpi PNP0A03:00: _OSC: not requesting OS control; OS requires [ExtendedConfig ASPM ClockPM MSI]
[    0.408032] acpi PNP0A03:00: fail to add MMCONFIG information, can't access extended PCI configuration space under this bridge.
[    0.413045] PCI host bridge to bus 0000:00
[    0.416010] pci_bus 0000:00: root bus resource [io  0x0000-0x0cf7 window]
[    0.420013] pci_bus 0000:00: root bus resource [io  0x0d00-0xffff window]
[    0.424012] pci_bus 0000:00: root bus resource [mem 0x000a0000-0x000bffff window]
[    0.428012] pci_bus 0000:00: root bus resource [mem 0x40000000-0xfdffffff window]
[    0.432017] pci_bus 0000:00: root bus resource [bus 00-ff]
[    0.450955] pci 0000:00:01.1: legacy IDE quirk: reg 0x10: [io  0x01f0-0x01f7]
[    0.452009] pci 0000:00:01.1: legacy IDE quirk: reg 0x14: [io  0x03f6]
[    0.456011] pci 0000:00:01.1: legacy IDE quirk: reg 0x18: [io  0x0170-0x0177]
[    0.460010] pci 0000:00:01.1: legacy IDE quirk: reg 0x1c: [io  0x0376]
[    0.503846] pci 0000:00:07.0: quirk: [io  0x4000-0x403f] claimed by PIIX4 ACPI
[    0.504050] pci 0000:00:07.0: quirk: [io  0x4100-0x410f] claimed by PIIX4 SMB
[    0.528738] ACPI: PCI Interrupt Link [LNKA] (IRQs 5 9 10 *11)
[    0.532513] ACPI: PCI Interrupt Link [LNKB] (IRQs 5 9 *10 11)
[    0.536255] ACPI: PCI Interrupt Link [LNKC] (IRQs 5 *9 10 11)
[    0.544029] ACPI: PCI Interrupt Link [LNKD] (IRQs 5 9 10 *11)
[    0.552668] SCSI subsystem initialized
[    0.560260] pci 0000:00:02.0: vgaarb: setting as boot VGA device
[    0.564000] pci 0000:00:02.0: vgaarb: VGA device added: decodes=io+mem,owns=io+mem,locks=none
[    0.564011] pci 0000:00:02.0: vgaarb: bridge control possible
[    0.568006] vgaarb: loaded
[    0.572139] ACPI: bus type USB registered
[    0.576034] usbcore: registered new interface driver usbfs
[    0.580038] usbcore: registered new interface driver hub
[    0.584033] usbcore: registered new device driver usb
[    0.590834] EDAC MC: Ver: 3.0.0
[    0.596665] PCI: Using ACPI for IRQ routing
[    0.604879] NetLabel: Initializing
[    0.608009] NetLabel:  domain hash size = 128
[    0.612008] NetLabel:  protocols = UNLABELED CIPSOv4 CALIPSO
[    0.616038] NetLabel:  unlabeled traffic allowed by default
[    0.624610] clocksource: Switched to clocksource kvm-clock
[    0.683087] VFS: Disk quotas dquot_6.6.0
[    0.689224] VFS: Dquot-cache hash table entries: 512 (order 0, 4096 bytes)
[    0.705144] AppArmor: AppArmor Filesystem Enabled
[    0.712493] pnp: PnP ACPI init
[    0.718053] pnp: PnP ACPI: found 3 devices
[    0.852616] clocksource: acpi_pm: mask: 0xffffff max_cycles: 0xffffff, max_idle_ns: 2085701024 ns
[    0.943379] NET: Registered protocol family 2
[    1.002888] IP idents hash table entries: 16384 (order: 5, 131072 bytes)
[    1.041939] TCP established hash table entries: 8192 (order: 4, 65536 bytes)
[    1.064898] TCP bind hash table entries: 8192 (order: 5, 131072 bytes)
[    1.104007] TCP: Hash tables configured (established 8192 bind 8192)
[    1.124844] UDP hash table entries: 512 (order: 2, 16384 bytes)
[    1.131573] UDP-Lite hash table entries: 512 (order: 2, 16384 bytes)
[    1.146076] NET: Registered protocol family 1
[    1.154847] pci 0000:00:00.0: Limiting direct PCI/PCI transfers
[    1.168196] pci 0000:00:01.0: Activating ISA DMA hang workarounds
[    1.181616] pci 0000:00:02.0: Video device with shadowed ROM at [mem 0x000c0000-0x000dffff]
[    1.195331] Unpacking initramfs...
[    2.577087] Freeing initrd memory: 20384K
[    2.579426] clocksource: tsc: mask: 0xffffffffffffffff max_cycles: 0x2ca08564bf3, max_idle_ns: 440795312460 ns
[    2.585706] platform rtc_cmos: registered platform RTC device (no PNP device found)
[    2.595363] Scanning for low memory corruption every 60 seconds
[    2.600440] Initialise system trusted keyrings
[    2.602517] Key type blacklist registered
[    2.605612] workingset: timestamp_bits=36 max_order=18 bucket_order=0
[    2.609803] zbud: loaded
[    2.611923] squashfs: version 4.0 (2009/01/31) Phillip Lougher
[    2.614278] fuse init (API version 7.26)
[    2.620981] Key type asymmetric registered
[    2.624518] Asymmetric key parser 'x509' registered
[    2.626622] Block layer SCSI generic (bsg) driver version 0.4 loaded (major 246)
[    2.635477] io scheduler noop registered
[    2.640095] io scheduler deadline registered
[    2.642392] io scheduler cfq registered (default)
[    2.645505] ACPI: AC Adapter [AC] (on-line)
[    2.648411] input: Power Button as /devices/LNXSYSTM:00/LNXPWRBN:00/input/input0
[    2.651635] ACPI: Power Button [PWRF]
[    2.654365] input: Sleep Button as /devices/LNXSYSTM:00/LNXSLPBN:00/input/input1
[    2.658684] ACPI: Sleep Button [SLPF]
[    2.674879] Serial: 8250/16550 driver, 32 ports, IRQ sharing enabled
[    2.676913] ACPI: Battery Slot [BAT0] (battery present)
[    2.757070] 00:02: ttyS0 at I/O 0x3f8 (irq = 4, base_baud = 115200) is a 16550A
[    2.781167] Linux agpgart interface v0.103
[    2.801100] loop: module loaded
[    2.825010] scsi host0: ata_piix
[    2.837772] scsi host1: ata_piix
[    2.847725] ata1: PATA max UDMA/33 cmd 0x1f0 ctl 0x3f6 bmdma 0xd000 irq 14
[    2.885051] ata2: PATA max UDMA/33 cmd 0x170 ctl 0x376 bmdma 0xd008 irq 15
[    2.920418] libphy: Fixed MDIO Bus: probed
[    2.925650] tun: Universal TUN/TAP device driver, 1.6
[    2.936469] PPP generic driver version 2.4.2
[    2.940971] ehci_hcd: USB 2.0 'Enhanced' Host Controller (EHCI) Driver
[    2.969123] ehci-pci: EHCI PCI platform driver
[    2.987201] ehci-platform: EHCI generic platform driver
[    3.006321] ohci_hcd: USB 1.1 'Open' Host Controller (OHCI) Driver
[    3.015795] ohci-pci: OHCI PCI platform driver
[    3.023676] ohci-platform: OHCI generic platform driver
[    3.059519] uhci_hcd: USB Universal Host Controller Interface driver
[    3.076802] i8042: PNP: PS/2 Controller [PNP0303:PS2K,PNP0f03:PS2M] at 0x60,0x64 irq 1,12
[    3.261415] serio: i8042 KBD port at 0x60,0x64 irq 1
[    3.290395] serio: i8042 AUX port at 0x60,0x64 irq 12
[    3.297380] mousedev: PS/2 mouse device common for all mice
[    3.320476] input: AT Translated Set 2 keyboard as /devices/platform/i8042/serio0/input/input2
[    3.329279] rtc_cmos rtc_cmos: rtc core: registered rtc_cmos as rtc0
[    3.335132] rtc_cmos rtc_cmos: alarms up to one day, 114 bytes nvram
[    3.342498] i2c /dev entries driver
[    3.346690] device-mapper: uevent: version 1.0.3
[    3.350376] device-mapper: ioctl: 4.37.0-ioctl (2017-09-20) initialised: dm-devel@redhat.com
[    3.356855] ledtrig-cpu: registered to indicate activity on CPUs
[    3.361946] NET: Registered protocol family 10
[    3.511877] Segment Routing with IPv6
[    3.522638] NET: Registered protocol family 17
[    3.533102] Key type dns_resolver registered
[    3.545067] mce: Using 0 MCE banks
[    3.548965] RAS: Correctable Errors collector initialized.
[    3.557348] sched_clock: Marking stable (3557311074, 0)->(6007212757, -2449901683)
[    3.573217] registered taskstats version 1
[    3.578261] Loading compiled-in X.509 certificates
[    3.594145] Loaded X.509 cert 'Build time autogenerated kernel key: bf5768e0b2369bd53acb56866ca104cf5a2c379b'
[    3.606325] Loaded X.509 cert 'Canonical Ltd. Live Patch Signing: 14df34d1a87cf37625abec039ef2bf521249b969'
[    3.716253] Loaded X.509 cert 'Canonical Ltd. Kernel Module Signing: 88f752e560a1e0737e31163a466ad7b70a850c19'
[    3.726926] zswap: loaded using pool lzo/zbud
[    3.742813] Key type big_key registered
[    3.746336] Key type trusted registered
[    3.755294] Key type encrypted registered
[    3.767498] AppArmor: AppArmor sha1 policy hashing enabled
[    3.777712] ima: No TPM chip found, activating TPM-bypass! (rc=-19)
[    3.786881] ima: Allocated hash algorithm: sha1
[    3.792370] evm: HMAC attrs: 0x1
[    3.798633]   Magic number: 9:424:989
[    3.803919] rtc_cmos rtc_cmos: setting system clock to 2021-10-21 13:57:42 UTC (1634824662)
[    3.872153] BIOS EDD facility v0.16 2004-Jun-25, 0 devices found
[    3.887411] EDD information not available.
[    3.920599] Freeing unused kernel image memory: 2448K
[    4.200695] Write protecting the kernel read-only data: 20480k
[    4.206089] Freeing unused kernel image memory: 2008K
[    4.210514] Freeing unused kernel image memory: 1824K
[    4.233563] x86/mm: Checked W+X mappings: passed, no W+X pages found.
[    4.241220] x86/mm: Checking user space page tables
[    4.256847] x86/mm: Checked W+X mappings: passed, no W+X pages found.
Loading, please wait...
starting version 237
[    4.409788] e1000: Intel(R) PRO/1000 Network Driver - version 7.3.21-k8-NAPI
[    4.412365] e1000: Copyright (c) 1999-2006 Intel Corporation.
[    4.414473] Fusion MPT base driver 3.04.20
[    4.420619] Copyright (c) 1999-2008 LSI Corporation
[    4.503973] Fusion MPT SPI Host driver 3.04.20
[    4.881139] input: ImExPS/2 Generic Explorer Mouse as /devices/platform/i8042/serio1/input/input4
[    4.929674] AVX2 version of gcm_enc/dec engaged.
[    4.935340] AES CTR mode by8 optimization enabled
[    5.482991] e1000 0000:00:03.0 eth0: (PCI:33MHz:32-bit) 02:82:2a:96:15:3b
[    5.517161] e1000 0000:00:03.0 eth0: Intel(R) PRO/1000 Network Connection
[    5.522299] mptbase: ioc0: Initiating bringup
[    5.532562] e1000 0000:00:03.0 enp0s3: renamed from eth0
[    6.465669] ioc0: LSI53C1030 A0: Capabilities={Initiator}
[    9.174378] scsi host2: ioc0: LSI53C1030 A0, FwRev=00000000h, Ports=1, MaxQ=256, IRQ=20
[   10.612725] scsi 2:0:0:0: Direct-Access     VBOX     HARDDISK         1.0  PQ: 0 ANSI: 5
[   10.684321] scsi target2:0:0: Beginning Domain Validation
[   10.688000] scsi target2:0:0: Domain Validation skipping write tests
[   10.690358] scsi target2:0:0: Ending Domain Validation
[   10.692595] scsi target2:0:0: asynchronous
[   10.694537] scsi 2:0:1:0: Direct-Access     VBOX     HARDDISK         1.0  PQ: 0 ANSI: 5
[   10.728617] scsi target2:0:1: Beginning Domain Validation
[   10.731258] random: fast init done
[   10.733795] scsi target2:0:1: Domain Validation skipping write tests
[   10.735741] scsi target2:0:1: Ending Domain Validation
[   10.737469] scsi target2:0:1: asynchronous
[   10.744666] random: systemd-udevd: uninitialized urandom read (16 bytes read)
[   10.747741] random: systemd-udevd: uninitialized urandom read (16 bytes read)
[   10.750194] random: systemd-udevd: uninitialized urandom read (16 bytes read)
[   10.753301] sd 2:0:0:0: Attached scsi generic sg0 type 0
[   10.755380] sd 2:0:0:0: [sda] 83886080 512-byte logical blocks: (42.9 GB/40.0 GiB)
[   10.756231] sd 2:0:1:0: [sdb] 20480 512-byte logical blocks: (10.5 MB/10.0 MiB)
[   10.760763] sd 2:0:0:0: [sda] Write Protect is off
[   10.760845] sd 2:0:1:0: [sdb] Write Protect is off
[   10.763499] sd 2:0:1:0: Attached scsi generic sg1 type 0
[   10.765522] sd 2:0:1:0: [sdb] Incomplete mode parameter data
[   10.767504] sd 2:0:1:0: [sdb] Assuming drive cache: write through
[   10.769869] sd 2:0:0:0: [sda] Incomplete mode parameter data
[   10.771914] sd 2:0:0:0: [sda] Assuming drive cache: write through
[   10.775625] sd 2:0:1:0: [sdb] Attached SCSI disk
[   10.779795]  sda: sda1
[   10.783079] sd 2:0:0:0: [sda] Attached SCSI disk
Begin: Loading essential drivers ... [   12.532144] raid6: sse2x1   gen()  6753 MB/s
[   12.580151] raid6: sse2x1   xor()  4085 MB/s
[   12.628253] raid6: sse2x2   gen()  6781 MB/s
[   12.676206] raid6: sse2x2   xor()  4717 MB/s
[   12.724157] raid6: sse2x4   gen()  7320 MB/s
[   12.782278] raid6: sse2x4   xor()  6122 MB/s
[   12.864280] raid6: avx2x1   gen() 13860 MB/s
[   12.985579] raid6: avx2x1   xor()  3287 MB/s
[   13.092841] raid6: avx2x2   gen()  1889 MB/s
[   13.226561] raid6: avx2x2   xor()  6390 MB/s
[   13.284327] raid6: avx2x4   gen()  8085 MB/s
[   13.337793] raid6: avx2x4   xor()  6120 MB/s
[   13.341700] raid6: using algorithm avx2x1 gen() 13860 MB/s
[   13.348915] raid6: .... xor() 3287 MB/s, rmw enabled
[   13.352865] raid6: using avx2x2 recovery algorithm
[   13.379428] xor: automatically using best checksumming function   avx       
[   13.385118] async_tx: api initialized (async)
done.
Begin: Running /scripts/init-premount ... done.
Begin: Mounting root file system ... Begin: Running /scripts/local-top ... done.
Begin: Running /scripts/local-premount ... [   13.477170] Btrfs loaded, crc32c=crc32c-intel
Scanning for Btrfs filesystems
done.
Begin: Will now check root file system ... fsck from util-linux 2.31.1
[/sbin/fsck.ext4 (1) -- /dev/sda1] fsck.ext4 -a -C0 /dev/sda1 
cloudimg-rootfs: recovering journal
cloudimg-rootfs: clean, 108200/5120000 files, 919732/10485499 blocks
done.
[   14.864748] EXT4-fs (sda1): mounted filesystem with ordered data mode. Opts: (null)
done.
Begin: Running /scripts/local-bottom ... done.
Begin: Running /scripts/init-bottom ... done.
[   15.226281] ip_tables: (C) 2000-2006 Netfilter Core Team
[   15.241653] systemd[1]: systemd 237 running in system mode. (+PAM +AUDIT +SELINUX +IMA +APPARMOR +SMACK +SYSVINIT +UTMP +LIBCRYPTSETUP +GCRYPT +GNUTLS +ACL +XZ +LZ4 +SECCOMP +BLKID +ELFUTILS +KMOD -IDN2 +IDN -PCRE2 default-hierarchy=hybrid)
[   15.251409] systemd[1]: Detected virtualization oracle.
[   15.255855] systemd[1]: Detected architecture x86-64.

Welcome to [1mUbuntu 18.04.5 LTS[0m!

[   15.271577] systemd[1]: Set hostname to <ubuntu-bionic>.
[   15.290068] random: crng init done
[   15.291411] random: 7 urandom warning(s) missed due to ratelimiting
[   15.942435] systemd[1]: Started Forward Password Requests to Wall Directory Watch.
[[0;32m  OK  [0m] Started Forward Password Requests to Wall Directory Watch.
[   15.952512] systemd[1]: Created slice User and Session Slice.
[[0;32m  OK  [0m] Created slice User and Session Slice.
[   15.956938] systemd[1]: Created slice System Slice.
[[0;32m  OK  [0m] Created slice System Slice.
[   15.960305] systemd[1]: Listening on Journal Socket (/dev/log).
[[0;32m  OK  [0m] Listening on Journal Socket (/dev/log).
[   15.963984] systemd[1]: Listening on udev Kernel Socket.
[[0;32m  OK  [0m] Listening on udev Kernel Socket.
[   15.967576] systemd[1]: Listening on LVM2 metadata daemon socket.
[[0;32m  OK  [0m] Listening on LVM2 metadata daemon socket.
[[0;32m  OK  [0m] Listening on Device-mapper event daemon FIFOs.
[[0;32m  OK  [0m] Listening on Journal Audit Socket.
[[0;32m  OK  [0m] Listening on Network Service Netlink Socket.
[[0;32m  OK  [0m] Reached target Slices.
[[0;32m  OK  [0m] Listening on fsck to fsckd communication Socket.
[[0;32m  OK  [0m] Reached target System Time Synchronized.
[[0;32m  OK  [0m] Listening on Journal Socket.
         Starting Set the console keyboard layout...
         Starting Uncomplicated firewall...
         Starting Create list of required st…ce nodes for the current kernel...
         Mounting Huge Pages File System...
[[0;32m  OK  [0m] Reached target User and Group Name Lookups.
[[0;32m  OK  [0m] Listening on /dev/initctl Compatibility Named Pipe.
[[0;32m  OK  [0m] Listening on LVM2 poll daemon socket.
         Mounting Kernel Debug File System...
[[0;32m  OK  [0m] Listening on udev Control Socket.
         Starting udev Coldplug all Devices...
[[0;32m  OK  [0m] Created slice system-serial\x2dgetty.slice.
[[0;32m  OK  [0m] Reached target Swap.
         Starting Monitoring of LVM2 mirrors…ng dmeventd or progress polling...
         Starting Remount Root and Kernel File Systems...
         Mounting POSIX Message Queue File System...
         Starting Load Kernel Modules...
[   16.123087] EXT4-fs (sda1): re-mounted. Opts: (null)
[[0;32m  OK  [0m] Listening on Syslog Socket.
[   16.162847] Loading iSCSI transport class v2.0-870.
         Starting Journal Service...
[[0;32m  OK  [0m] Set up automount Arbitrary Executab…rmats File System Automount Point.
[[0;32m  OK  [0m] Started Uncomplicated firewall.
[[0;32m  OK  [0m] Started Journal Service.
[[0;32m  OK  [0m] Started Set the console keyboard layout.
[   16.320303] iscsi: registered transport (tcp)
[[0;32m  OK  [0m] Started Create list of required sta…vice nodes for the current kernel.
[[0;32m  OK  [0m] Mounted Huge Pages File System.
[[0;32m  OK  [0m] Mounted Kernel Debug File System.
[[0;32m  OK  [0m] Started Remount Root and Kernel File Systems.
[   16.398284] iscsi: registered transport (iser)
[[0;32m  OK  [0m] Mounted POSIX Message Queue File System.
[[0;32m  OK  [0m] Started Load Kernel Modules.
[[0;32m  OK  [0m] Started LVM2 metadata daemon.
         Mounting Kernel Configuration File System...
         Starting Apply Kernel Variables...
         Mounting FUSE Control File System...
         Starting Load/Save Random Seed...
         Starting Create Static Device Nodes in /dev...
         Starting Flush Journal to Persistent Storage...
[[0;32m  OK  [0m] Started Monitoring of LVM2 mirrors,…sing dmeventd or progress polling.
[[0;32m  OK  [0m] Started udev Coldplug all Devices.
[[0;32m  OK  [0m] Mounted Kernel Configuration File System.
[[0;32m  OK  [0m] Mounted FUSE Control File System.
[[0;32m  OK  [0m] Started Load/Save Random Seed.
[[0;32m  OK  [0m] Started Apply Kernel Variables.
[[0;32m  OK  [0m] Started Create Static Device Nodes in /dev.
         Starting udev Kernel Device Manager...
[[0;32m  OK  [0m] Reached target Local File Systems (Pre).
[[0;32m  OK  [0m] Reached target Local File Systems.
         Starting Tell Plymouth To Write Out Runtime Data...
         Starting ebtables ruleset management...
         Starting Set console font and keymap...
         Starting AppArmor initialization...
[[0;32m  OK  [0m] Started Tell Plymouth To Write Out Runtime Data.
[[0;32m  OK  [0m] Started Set console font and keymap.
[[0;32m  OK  [0m] Started udev Kernel Device Manager.
[[0;32m  OK  [0m] Started Dispatch Password Requests to Console Directory Watch.
[[0;32m  OK  [0m] Reached target Local Encrypted Volumes.
[[0;32m  OK  [0m] Started ebtables ruleset management.
[[0;32m  OK  [0m] Started Flush Journal to Persistent Storage.
         Starting Create Volatile Files and Directories...
[[0;32m  OK  [0m] Started Create Volatile Files and Directories.
         Starting Update UTMP about System Boot/Shutdown...
[[0;32m  OK  [0m] Started Update UTMP about System Boot/Shutdown.
[[0;32m  OK  [0m] Started AppArmor initialization.
         Starting Load AppArmor profiles managed internally by snapd...
         Starting Initial cloud-init job (pre-networking)...
[[0;32m  OK  [0m] Started Load AppArmor profiles managed internally by snapd.
[[0;32m  OK  [0m] Found device /dev/ttyS0.
[[0;32m  OK  [0m] Listening on Load/Save RF Kill Switch Status /dev/rfkill Watch.
[   21.946055] cloud-init[528]: Cloud-init v. 21.2-3-g899bfaa9-0ubuntu2~18.04.1 running 'init-local' at Thu, 21 Oct 2021 13:58:00 +0000. Up 21.49 seconds.
[[0;32m  OK  [0m] Started Initial cloud-init job (pre-networking).
[[0;32m  OK  [0m] Reached target Network (Pre).
         Starting Network Service...
[[0;32m  OK  [0m] Started Network Service.
         Starting Wait for Network to be Configured...
         Starting Network Name Resolution...
[[0;32m  OK  [0m] Started Network Name Resolution.
[[0;32m  OK  [0m] Reached target Host and Network Name Lookups.
[[0;32m  OK  [0m] Reached target Network.
[[0;32m  OK  [0m] Started Wait for Network to be Configured.
         Starting Initial cloud-init job (metadata service crawler)...
[   26.224692] cloud-init[679]: Cloud-init v. 21.2-3-g899bfaa9-0ubuntu2~18.04.1 running 'init' at Thu, 21 Oct 2021 13:58:04 +0000. Up 25.48 seconds.
[   26.229785] cloud-init[679]: ci-info: ++++++++++++++++++++++++++++++++++++++Net device info++++++++++++++++++++++++++++++++++++++
[   26.236861] cloud-init[679]: ci-info: +--------+------+----------------------------+---------------+--------+-------------------+
[   26.244883] cloud-init[679]: ci-info: | Device |  Up  |          Address           |      Mask     | Scope  |     Hw-Address    |
[   26.253539] cloud-init[679]: ci-info: +--------+------+----------------------------+---------------+--------+-------------------+
[   26.259336] cloud-init[679]: ci-info: | enp0s3 | True |         10.0.2.15          | 255.255.255.0 | global | 02:82:2a:96:15:3b |
[   26.262974] cloud-init[679]: ci-info: | enp0s3 | True | fe80::82:2aff:fe96:153b/64 |       .       |  link  | 02:82:2a:96:15:3b |
[   26.266761] cloud-init[679]: ci-info: |   lo   | True |         127.0.0.1          |   255.0.0.0   |  host  |         .         |
[   26.270306] cloud-init[679]: ci-info: |   lo   | True |          ::1/128           |       .       |  host  |         .         |
[   26.273664] cloud-init[679]: ci-info: +--------+------+----------------------------+---------------+--------+-------------------+
[   26.282089] cloud-init[679]: ci-info: ++++++++++++++++++++++++++++Route IPv4 info+++++++++++++++++++++++++++++
[   26.284966] cloud-init[679]: ci-info: +-------+-------------+----------+-----------------+-----------+-------+
[   26.288210] cloud-init[679]: ci-info: | Route | Destination | Gateway  |     Genmask     | Interface | Flags |
[   26.304434] cloud-init[679]: ci-info: +-------+-------------+----------+-----------------+-----------+-------+
[   26.307484] cloud-init[679]: ci-info: |   0   |   0.0.0.0   | 10.0.2.2 |     0.0.0.0     |   enp0s3  |   UG  |
[   26.309237] cloud-init[679]: ci-info: |   1   |   10.0.2.0  | 0.0.0.0  |  255.255.255.0  |   enp0s3  |   U   |
[   26.320541] cloud-init[679]: ci-info: |   2   |   10.0.2.2  | 0.0.0.0  | 255.255.255.255 |   enp0s3  |   UH  |
[   26.337767] cloud-init[679]: ci-info: +-------+-------------+----------+-----------------+-----------+-------+
[   26.352414] cloud-init[679]: ci-info: +++++++++++++++++++Route IPv6 info+++++++++++++++++++
[   26.355197] cloud-init[679]: ci-info: +-------+-------------+---------+-----------+-------+
[   26.357287] cloud-init[679]: ci-info: | Route | Destination | Gateway | Interface | Flags |
[   26.360165] cloud-init[679]: ci-info: +-------+-------------+---------+-----------+-------+
[   26.364872] cloud-init[679]: ci-info: |   1   |  fe80::/64  |    ::   |   enp0s3  |   U   |
[   26.376492] cloud-init[679]: ci-info: |   3   |    local    |    ::   |   enp0s3  |   U   |
[   26.378941] cloud-init[679]: ci-info: |   4   |   ff00::/8  |    ::   |   enp0s3  |   U   |
[   26.400173] cloud-init[679]: ci-info: +-------+-------------+---------+-----------+-------+
[[0;32m  OK  [0m] Started Initial cloud-init job (metadata service crawler).
[[0;32m  OK  [0m] Reached target Cloud-config availability.
[[0;32m  OK  [0m] Reached target System Initialization.
[[0;32m  OK  [0m] Started Discard unused blocks once a week.
[[0;32m  OK  [0m] Listening on Open-iSCSI iscsid Socket.
[[0;32m  OK  [0m] Listening on ACPID Listen Socket.
[[0;32m  OK  [0m] Started ACPI Events Check.
[[0;32m  OK  [0m] Reached target Paths.
[[0;32m  OK  [0m] Started Message of the Day.
[[0;32m  OK  [0m] Listening on D-Bus System Message Bus Socket.
[[0;32m  OK  [0m] Listening on UUID daemon activation socket.
[[0;32m  OK  [0m] Started Daily Cleanup of Temporary Directories.
         Starting LXD - unix socket.
         Starting Socket activation for snappy daemon.
[[0;32m  OK  [0m] Started Daily apt download activities.
[[0;32m  OK  [0m] Started Daily apt upgrade and clean activities.
[[0;32m  OK  [0m] Started Ubuntu Advantage update messaging.
[[0;32m  OK  [0m] Reached target Timers.
[[0;32m  OK  [0m] Reached target Network is Online.
[[0;32m  OK  [0m] Reached target Remote File Systems (Pre).
         Mounting /vagrant...
         Starting Availability of block devices...
[[0;32m  OK  [0m] Listening on LXD - unix socket.
[[0;32m  OK  [0m] Listening on Socket activation for snappy daemon.
[[0;32m  OK  [0m] Started Availability of block devices.
[[0;32m  OK  [0m] Reached target Sockets.
[[0;32m  OK  [0m] Reached target Basic System.
[[0;32m  OK  [0m] Started irqbalance daemon.
[[0;32m  OK  [0m] Started FUSE filesystem for LXC.
         Starting Accounts Service...
         Starting System Logging Service...
[[0;32m  OK  [0m] Started Regular background program processing daemon.
         Starting LSB: Record successful boot for GRUB...
         Starting Dispatcher daemon for systemd-networkd...
         Starting Login Service...
         Starting Message of the Day...
         Starting Virtualbox guest utils...
[[0;32m  OK  [0m] Started Deferred execution scheduler.
         Starting Snap Daemon...
[[0;32m  OK  [0m] Started D-Bus System Message Bus.
         Starting LXD - container startup/shutdown...
         Starting Ubuntu Advantage APT and MOTD Messages...
         Starting OpenBSD Secure Shell server...
[[0;32m  OK  [0m] Started System Logging Service.
[[0;32m  OK  [0m] Mounted /vagrant.
[[0;32m  OK  [0m] Started Login Service.
         Starting Authorization Manager...
[[0;32m  OK  [0m] Started Unattended Upgrades Shutdown.
[[0;32m  OK  [0m] Reached target Remote File Systems.
         Starting LSB: automatic crash report generation...
         Starting Permit User Sessions...
[[0;32m  OK  [0m] Started Permit User Sessions.
         Starting Hold until boot process finishes up...
         Starting Terminate Plymouth Boot Screen...
[[0;32m  OK  [0m] Started Hold until boot process finishes up.
[[0;32m  OK  [0m] Started Serial Getty on ttyS0.
         Starting Set console scheme...
[[0;32m  OK  [0m] Started Terminate Plymouth Boot Screen.
[[0;32m  OK  [0m] Started Set console scheme.
[[0;32m  OK  [0m] Created slice system-getty.slice.
[[0;32m  OK  [0m] Started Getty on tty1.
[[0;32m  OK  [0m] Reached target Login Prompts.
[[0;32m  OK  [0m] Started LSB: Record successful boot for GRUB.
[[0;32m  OK  [0m] Started LSB: automatic crash report generation.
[[0;32m  OK  [0m] Started Authorization Manager.
[[0;32m  OK  [0m] Started Accounts Service.
[[0;32m  OK  [0m] Started Virtualbox guest utils.
[[0;32m  OK  [0m] Started Dispatcher daemon for systemd-networkd.
[[0;32m  OK  [0m] Started OpenBSD Secure Shell server.

Ubuntu 18.04.5 LTS ubuntu-bionic ttyS0

ubuntu-bionic login: [   40.461158] cloud-init[1226]: Cloud-init v. 21.2-3-g899bfaa9-0ubuntu2~18.04.1 running 'modules:config' at Thu, 21 Oct 2021 13:58:18 +0000. Up 39.86 seconds.
[   43.065217] cloud-init[1283]: Cloud-init v. 21.2-3-g899bfaa9-0ubuntu2~18.04.1 running 'modules:final' at Thu, 21 Oct 2021 13:58:21 +0000. Up 42.66 seconds.
[   43.069121] cloud-init[1283]: Cloud-init v. 21.2-3-g899bfaa9-0ubuntu2~18.04.1 finished at Thu, 21 Oct 2021 13:58:21 +0000. Datasource DataSourceNoCloud [seed=/dev/sdb][dsmode=net].  Up 43.05 seconds
[ 7468.853398] e1000 0000:00:03.0 enp0s3: Reset adapter
